# JRE version: OpenJDK Runtime Environment (11.0.10) (build 11.0.10+0-b96-7249189)
# Java VM: OpenJDK 64-Bit Server VM (11.0.10+0-b96-7249189, mixed mode, tiered, compressed oops, g1 gc, windows-amd64)
Heap:
 garbage-first heap   total 467968K, used 213606K [0x0000000080000000, 0x0000000100000000)
  region size 1024K, 11 young (11264K), 11 survivors (11264K)
 Metaspace       used 141552K, capacity 144831K, committed 145152K, reserved 1175552K
  class space    used 17591K, capacity 18858K, committed 18944K, reserved 1048576K
GC Heap History (20 events):
Event: 2227.804 GC heap after
{Heap after GC invocations=76 (full 0):
 garbage-first heap   total 328704K, used 204004K [0x0000000080000000, 0x0000000100000000)
  region size 1024K, 6 young (6144K), 6 survivors (6144K)
 Metaspace       used 140837K, capacity 144038K, committed 144256K, reserved 1175552K
  class space    used 17526K, capacity 18759K, committed 18816K, reserved 1048576K
}
Event: 2228.085 GC heap before
{Heap before GC invocations=76 (full 0):
 garbage-first heap   total 328704K, used 275684K [0x0000000080000000, 0x0000000100000000)
  region size 1024K, 76 young (77824K), 6 survivors (6144K)
 Metaspace       used 140878K, capacity 144106K, committed 144256K, reserved 1175552K
  class space    used 17526K, capacity 18759K, committed 18816K, reserved 1048576K
}
Event: 2228.096 GC heap after
{Heap after GC invocations=77 (full 0):
 garbage-first heap   total 328704K, used 204101K [0x0000000080000000, 0x0000000100000000)
  region size 1024K, 5 young (5120K), 5 survivors (5120K)
 Metaspace       used 140878K, capacity 144106K, committed 144256K, reserved 1175552K
  class space    used 17526K, capacity 18759K, committed 18816K, reserved 1048576K
}
Event: 2228.379 GC heap before
{Heap before GC invocations=77 (full 0):
 garbage-first heap   total 328704K, used 277829K [0x0000000080000000, 0x0000000100000000)
  region size 1024K, 77 young (78848K), 5 survivors (5120K)
 Metaspace       used 140898K, capacity 144114K, committed 144256K, reserved 1175552K
  class space    used 17527K, capacity 18761K, committed 18816K, reserved 1048576K
}
Event: 2228.389 GC heap after
{Heap after GC invocations=78 (full 0):
 garbage-first heap   total 328704K, used 205102K [0x0000000080000000, 0x0000000100000000)
  region size 1024K, 6 young (6144K), 6 survivors (6144K)
 Metaspace       used 140898K, capacity 144114K, committed 144256K, reserved 1175552K
  class space    used 17527K, capacity 18761K, committed 18816K, reserved 1048576K
}
Event: 2228.773 GC heap before
{Heap before GC invocations=78 (full 0):
 garbage-first heap   total 328704K, used 278830K [0x0000000080000000, 0x0000000100000000)
  region size 1024K, 78 young (79872K), 6 survivors (6144K)
 Metaspace       used 140939K, capacity 144180K, committed 144256K, reserved 1175552K
  class space    used 17528K, capacity 18761K, committed 18816K, reserved 1048576K
}
Event: 2228.785 GC heap after
{Heap after GC invocations=79 (full 0):
 garbage-first heap   total 328704K, used 205616K [0x0000000080000000, 0x0000000100000000)
  region size 1024K, 5 young (5120K), 5 survivors (5120K)
 Metaspace       used 140939K, capacity 144180K, committed 144256K, reserved 1175552K
  class space    used 17528K, capacity 18761K, committed 18816K, reserved 1048576K
}
Event: 2229.099 GC heap before
{Heap before GC invocations=79 (full 0):
 garbage-first heap   total 328704K, used 280368K [0x0000000080000000, 0x0000000100000000)
  region size 1024K, 78 young (79872K), 5 survivors (5120K)
 Metaspace       used 140952K, capacity 144181K, committed 144256K, reserved 1175552K
  class space    used 17528K, capacity 18761K, committed 18816K, reserved 1048576K
}
Event: 2229.112 GC heap after
{Heap after GC invocations=80 (full 0):
 garbage-first heap   total 328704K, used 207101K [0x0000000080000000, 0x0000000100000000)
  region size 1024K, 7 young (7168K), 7 survivors (7168K)
 Metaspace       used 140952K, capacity 144181K, committed 144256K, reserved 1175552K
  class space    used 17528K, capacity 18761K, committed 18816K, reserved 1048576K
}
Event: 2229.418 GC heap before
{Heap before GC invocations=80 (full 0):
 garbage-first heap   total 328704K, used 281853K [0x0000000080000000, 0x0000000100000000)
  region size 1024K, 80 young (81920K), 7 survivors (7168K)
 Metaspace       used 141105K, capacity 144426K, committed 144640K, reserved 1175552K
  class space    used 17566K, capacity 18824K, committed 18944K, reserved 1048576K
}
Event: 2229.432 GC heap after
{Heap after GC invocations=81 (full 0):
 garbage-first heap   total 328704K, used 207069K [0x0000000080000000, 0x0000000100000000)
  region size 1024K, 6 young (6144K), 6 survivors (6144K)
 Metaspace       used 141105K, capacity 144426K, committed 144640K, reserved 1175552K
  class space    used 17566K, capacity 18824K, committed 18944K, reserved 1048576K
}
Event: 2229.911 GC heap before
{Heap before GC invocations=81 (full 0):
 garbage-first heap   total 328704K, used 282845K [0x0000000080000000, 0x0000000100000000)
  region size 1024K, 80 young (81920K), 6 survivors (6144K)
 Metaspace       used 141456K, capacity 144746K, committed 144896K, reserved 1175552K
  class space    used 17586K, capacity 18853K, committed 18944K, reserved 1048576K
}
Event: 2229.929 GC heap after
{Heap after GC invocations=82 (full 0):
 garbage-first heap   total 395264K, used 208061K [0x0000000080000000, 0x0000000100000000)
  region size 1024K, 7 young (7168K), 7 survivors (7168K)
 Metaspace       used 141456K, capacity 144746K, committed 144896K, reserved 1175552K
  class space    used 17586K, capacity 18853K, committed 18944K, reserved 1048576K
}
Event: 2230.509 GC heap before
{Heap before GC invocations=82 (full 0):
 garbage-first heap   total 395264K, used 321725K [0x0000000080000000, 0x0000000100000000)
  region size 1024K, 118 young (120832K), 7 survivors (7168K)
 Metaspace       used 141491K, capacity 144756K, committed 144896K, reserved 1175552K
  class space    used 17590K, capacity 18856K, committed 18944K, reserved 1048576K
}
Event: 2230.526 GC heap after
{Heap after GC invocations=83 (full 0):
 garbage-first heap   total 395264K, used 208415K [0x0000000080000000, 0x0000000100000000)
  region size 1024K, 7 young (7168K), 7 survivors (7168K)
 Metaspace       used 141491K, capacity 144756K, committed 144896K, reserved 1175552K
  class space    used 17590K, capacity 18856K, committed 18944K, reserved 1048576K
}
Event: 2231.245 GC heap before
{Heap before GC invocations=83 (full 0):
 garbage-first heap   total 395264K, used 344607K [0x0000000080000000, 0x0000000100000000)
  region size 1024K, 141 young (144384K), 7 survivors (7168K)
 Metaspace       used 141527K, capacity 144830K, committed 145152K, reserved 1175552K
  class space    used 17591K, capacity 18858K, committed 18944K, reserved 1048576K
}
Event: 2231.262 GC heap after
{Heap after GC invocations=84 (full 0):
 garbage-first heap   total 395264K, used 210944K [0x0000000080000000, 0x0000000100000000)
  region size 1024K, 10 young (10240K), 10 survivors (10240K)
 Metaspace       used 141527K, capacity 144830K, committed 145152K, reserved 1175552K
  class space    used 17591K, capacity 18858K, committed 18944K, reserved 1048576K
}
Event: 2231.934 GC heap before
{Heap before GC invocations=84 (full 0):
 garbage-first heap   total 395264K, used 344064K [0x0000000080000000, 0x0000000100000000)
  region size 1024K, 140 young (143360K), 10 survivors (10240K)
 Metaspace       used 141543K, capacity 144831K, committed 145152K, reserved 1175552K
  class space    used 17591K, capacity 18858K, committed 18944K, reserved 1048576K
}
Event: 2231.952 GC heap after
{Heap after GC invocations=85 (full 0):
 garbage-first heap   total 395264K, used 212050K [0x0000000080000000, 0x0000000100000000)
  region size 1024K, 11 young (11264K), 11 survivors (11264K)
 Metaspace       used 141543K, capacity 144831K, committed 145152K, reserved 1175552K
  class space    used 17591K, capacity 18858K, committed 18944K, reserved 1048576K
}
Event: 2232.410 GC heap before
{Heap before GC invocations=85 (full 0):
 garbage-first heap   total 395264K, used 342098K [0x0000000080000000, 0x0000000100000000)
  region size 1024K, 139 young (142336K), 11 survivors (11264K)
 Metaspace       used 141552K, capacity 144831K, committed 145152K, reserved 1175552K
  class space    used 17591K, capacity 18858K, committed 18944K, reserved 1048576K
}

