# JRE version: OpenJDK Runtime Environment (11.0.10) (build 11.0.10+0-b96-7249189)
# Java VM: OpenJDK 64-Bit Server VM (11.0.10+0-b96-7249189, mixed mode, tiered, compressed oops, g1 gc, windows-amd64)
Heap:
 garbage-first heap   total 157696K, used 27395K [0x0000000081a00000, 0x0000000100000000)
  region size 1024K, 7 young (7168K), 7 survivors (7168K)
 Metaspace       used 46961K, capacity 47603K, committed 47792K, reserved 1091584K
  class space    used 5565K, capacity 5804K, committed 5888K, reserved 1048576K
GC Heap History (9 events):
Event: 0.577 GC heap before
{Heap before GC invocations=0 (full 0):
 garbage-first heap   total 131072K, used 17408K [0x0000000081a00000, 0x0000000100000000)
  region size 1024K, 14 young (14336K), 0 survivors (0K)
 Metaspace       used 9784K, capacity 9871K, committed 10112K, reserved 1058816K
  class space    used 839K, capacity 884K, committed 896K, reserved 1048576K
}
Event: 0.581 GC heap after
{Heap after GC invocations=1 (full 0):
 garbage-first heap   total 131072K, used 5206K [0x0000000081a00000, 0x0000000100000000)
  region size 1024K, 2 young (2048K), 2 survivors (2048K)
 Metaspace       used 9784K, capacity 9871K, committed 10112K, reserved 1058816K
  class space    used 839K, capacity 884K, committed 896K, reserved 1048576K
}
Event: 1.619 GC heap before
{Heap before GC invocations=1 (full 0):
 garbage-first heap   total 131072K, used 50262K [0x0000000081a00000, 0x0000000100000000)
  region size 1024K, 47 young (48128K), 2 survivors (2048K)
 Metaspace       used 20887K, capacity 21176K, committed 21296K, reserved 1069056K
  class space    used 2265K, capacity 2380K, committed 2432K, reserved 1048576K
}
Event: 1.635 GC heap after
{Heap after GC invocations=2 (full 0):
 garbage-first heap   total 131072K, used 9123K [0x0000000081a00000, 0x0000000100000000)
  region size 1024K, 6 young (6144K), 6 survivors (6144K)
 Metaspace       used 20887K, capacity 21176K, committed 21296K, reserved 1069056K
  class space    used 2265K, capacity 2380K, committed 2432K, reserved 1048576K
}
Event: 2.884 GC heap before
{Heap before GC invocations=3 (full 0):
 garbage-first heap   total 131072K, used 62371K [0x0000000081a00000, 0x0000000100000000)
  region size 1024K, 53 young (54272K), 6 survivors (6144K)
 Metaspace       used 31924K, capacity 32404K, committed 32688K, reserved 1077248K
  class space    used 4030K, capacity 4227K, committed 4352K, reserved 1048576K
}
Event: 2.907 GC heap after
{Heap after GC invocations=4 (full 0):
 garbage-first heap   total 131072K, used 20823K [0x0000000081a00000, 0x0000000100000000)
  region size 1024K, 7 young (7168K), 7 survivors (7168K)
 Metaspace       used 31924K, capacity 32404K, committed 32688K, reserved 1077248K
  class space    used 4030K, capacity 4227K, committed 4352K, reserved 1048576K
}
Event: 3.326 GC heap before
{Heap before GC invocations=4 (full 0):
 garbage-first heap   total 131072K, used 35159K [0x0000000081a00000, 0x0000000100000000)
  region size 1024K, 22 young (22528K), 7 survivors (7168K)
 Metaspace       used 35264K, capacity 35748K, committed 35888K, reserved 1081344K
  class space    used 4408K, capacity 4617K, committed 4736K, reserved 1048576K
}
Event: 3.344 GC heap after
{Heap after GC invocations=5 (full 0):
 garbage-first heap   total 131072K, used 20227K [0x0000000081a00000, 0x0000000100000000)
  region size 1024K, 2 young (2048K), 2 survivors (2048K)
 Metaspace       used 35264K, capacity 35748K, committed 35888K, reserved 1081344K
  class space    used 4408K, capacity 4617K, committed 4736K, reserved 1048576K
}
Event: 5.408 GC heap before
{Heap before GC invocations=6 (full 0):
 garbage-first heap   total 131072K, used 78595K [0x0000000081a00000, 0x0000000100000000)
  region size 1024K, 57 young (58368K), 2 survivors (2048K)
 Metaspace       used 46961K, capacity 47603K, committed 47792K, reserved 1091584K
  class space    used 5565K, capacity 5804K, committed 5888K, reserved 1048576K
}

